2020-05-14 13:22:09 INFO  PluginTasksProjectComponent.projectOpened(77) - ---------- Project opened ----------
2020-05-14 13:22:09 INFO  PluginTasksProjectComponent.projectOpened(78) - ---------- Version 3.38 ----------

2020-05-14 13:22:09 INFO  PluginTasksProjectComponent.setAutoscrolls(366) - Autoscrolls successfully set
2020-05-14 13:22:15 INFO  ApacheHttpClient.isSessionAppropriateWithSecretKey(581) - The session is not set in the property file.
2020-05-14 13:22:15 INFO  ApacheHttpClient.logout(625) - Waiting for server response.
2020-05-14 13:22:15 INFO  ApacheHttpClient.logout(625) - Waiting for server response.
2020-05-14 13:22:15 INFO  ApacheHttpClient.login(247) - Waiting for server response.
2020-05-14 13:22:15 INFO  ApacheHttpClient.login(247) - Waiting for server response.
2020-05-14 13:22:15 INFO  ApacheHttpClient.login(247) - Waiting for server response.
2020-05-14 13:22:15 INFO  ApacheHttpClient.login(251) - responseCode = 200
2020-05-14 13:22:15 INFO  ApacheHttpClient.login(274) - JSESSIONID OK
2020-05-14 13:22:15 INFO  ApacheHttpClient.refreshUserInfo(302) - responseCode = 200
2020-05-14 13:22:15 INFO  ApacheHttpClient.refreshUserInfo(308) - User information received.
2020-05-14 13:22:15 INFO  ApacheHttpClient.startGA(35) - GAService started.
2020-05-14 13:22:15 INFO  AbstractRestApiClient.startService(71) - EventsService started.
2020-05-14 13:22:24 INFO  ApacheHttpClient.getWebResourceAsStream(494) - responseCode = 200
2020-05-14 13:22:24 INFO  ApacheHttpClient.getFilteredTasks(333) - responseCode = 200
2020-05-14 13:22:34 INFO  ApacheHttpClient.getFilteredTasks(333) - responseCode = 200
2020-05-14 13:22:36 INFO  ApacheHttpClient.getWebResourceAsStream(494) - responseCode = 200
2020-05-14 13:22:36 INFO  ApacheHttpClient.getWebResourceAsStream(494) - responseCode = 200
2020-05-14 13:22:37 INFO  ApacheHttpClient.getTaskTemplateInfo(350) - responseCode = 200
2020-05-14 13:22:38 INFO  ApacheHttpClient.getWebResourceAsStream(494) - responseCode = 200
2020-05-14 13:23:15 INFO  ApacheHttpClient.sendEvent(527) - responseCode = 200
2020-05-14 13:24:15 INFO  ApacheHttpClient.sendEvent(527) - responseCode = 200
2020-05-14 13:25:15 INFO  ApacheHttpClient.sendEvent(527) - responseCode = 200
2020-05-14 13:26:16 INFO  ApacheHttpClient.sendEvent(527) - responseCode = 200
2020-05-14 13:27:15 INFO  ApacheHttpClient.sendEvent(527) - responseCode = 200
2020-05-14 13:28:15 INFO  ApacheHttpClient.sendEvent(527) - responseCode = 200
2020-05-14 13:29:15 INFO  ApacheHttpClient.sendEvent(527) - responseCode = 200
2020-05-14 13:30:17 INFO  ApacheHttpClient.sendEvent(527) - responseCode = 200
2020-05-14 13:31:17 INFO  ApacheHttpClient.sendEvent(527) - responseCode = 200
2020-05-14 13:32:17 INFO  ApacheHttpClient.sendEvent(527) - responseCode = 200
2020-05-14 13:33:17 INFO  ApacheHttpClient.sendEvent(527) - responseCode = 200
2020-05-14 13:34:17 INFO  ApacheHttpClient.sendEvent(527) - responseCode = 200
2020-05-14 13:35:17 INFO  ApacheHttpClient.sendEvent(527) - responseCode = 200
2020-05-14 13:36:17 INFO  ApacheHttpClient.sendEvent(527) - responseCode = 200
2020-05-14 13:37:17 INFO  ApacheHttpClient.sendEvent(527) - responseCode = 200
2020-05-14 13:38:17 INFO  ApacheHttpClient.sendEvent(527) - responseCode = 200
2020-05-14 13:39:17 INFO  ApacheHttpClient.sendEvent(527) - responseCode = 200
2020-05-14 13:40:17 INFO  ApacheHttpClient.sendEvent(527) - responseCode = 200
2020-05-14 13:41:17 INFO  ApacheHttpClient.sendEvent(527) - responseCode = 200
2020-05-14 13:42:17 INFO  ApacheHttpClient.sendEvent(527) - responseCode = 200
2020-05-14 13:43:17 INFO  ApacheHttpClient.sendEvent(527) - responseCode = 200
2020-05-14 13:44:17 INFO  ApacheHttpClient.sendEvent(527) - responseCode = 200
2020-05-14 13:45:17 INFO  ApacheHttpClient.sendEvent(527) - responseCode = 200
2020-05-14 13:46:17 INFO  ApacheHttpClient.sendEvent(527) - responseCode = 200
2020-05-14 13:47:17 INFO  ApacheHttpClient.sendEvent(527) - responseCode = 200
2020-05-14 13:48:17 INFO  ApacheHttpClient.sendEvent(527) - responseCode = 200
2020-05-14 13:49:17 INFO  ApacheHttpClient.sendEvent(527) - responseCode = 200
2020-05-14 13:50:17 INFO  ApacheHttpClient.sendEvent(527) - responseCode = 200
2020-05-14 13:51:17 INFO  ApacheHttpClient.sendEvent(527) - responseCode = 200
2020-05-14 13:52:17 INFO  ApacheHttpClient.sendEvent(527) - responseCode = 200
2020-05-14 13:53:17 INFO  ApacheHttpClient.sendEvent(527) - responseCode = 200
2020-05-14 13:54:17 INFO  ApacheHttpClient.sendEvent(527) - responseCode = 200
2020-05-14 13:55:17 INFO  ApacheHttpClient.sendEvent(527) - responseCode = 200
2020-05-14 13:56:17 INFO  ApacheHttpClient.sendEvent(527) - responseCode = 200
2020-05-14 13:57:17 INFO  ApacheHttpClient.sendEvent(527) - responseCode = 200
2020-05-14 13:58:17 INFO  ApacheHttpClient.sendEvent(527) - responseCode = 200
2020-05-14 13:59:17 INFO  ApacheHttpClient.sendEvent(527) - responseCode = 200
2020-05-14 14:00:17 INFO  ApacheHttpClient.sendEvent(527) - responseCode = 200
2020-05-14 14:01:17 INFO  ApacheHttpClient.sendEvent(527) - responseCode = 200
2020-05-14 14:02:17 INFO  ApacheHttpClient.sendEvent(527) - responseCode = 200
2020-05-14 14:03:17 INFO  ApacheHttpClient.sendEvent(527) - responseCode = 200
2020-05-14 14:04:17 INFO  ApacheHttpClient.sendEvent(527) - responseCode = 200
2020-05-14 14:05:17 INFO  ApacheHttpClient.sendEvent(527) - responseCode = 200
2020-05-14 14:06:17 INFO  ApacheHttpClient.sendEvent(527) - responseCode = 200
2020-05-14 14:07:17 INFO  ApacheHttpClient.sendEvent(527) - responseCode = 200
2020-05-14 14:08:17 INFO  ApacheHttpClient.sendEvent(527) - responseCode = 200
2020-05-14 14:09:17 INFO  ApacheHttpClient.sendEvent(527) - responseCode = 200
2020-05-14 14:10:17 INFO  ApacheHttpClient.sendEvent(527) - responseCode = 200
2020-05-14 14:11:17 INFO  ApacheHttpClient.sendEvent(527) - responseCode = 200
2020-05-14 14:12:17 INFO  ApacheHttpClient.sendEvent(527) - responseCode = 200
2020-05-14 14:13:17 INFO  ApacheHttpClient.sendEvent(527) - responseCode = 200
2020-05-14 14:14:17 INFO  ApacheHttpClient.sendEvent(527) - responseCode = 200
2020-05-14 14:15:17 INFO  ApacheHttpClient.sendEvent(527) - responseCode = 200
2020-05-14 14:16:17 INFO  ApacheHttpClient.sendEvent(527) - responseCode = 200
2020-05-14 14:17:17 INFO  ApacheHttpClient.sendEvent(527) - responseCode = 200
2020-05-14 14:18:17 INFO  ApacheHttpClient.sendEvent(527) - responseCode = 200
2020-05-14 14:19:17 INFO  ApacheHttpClient.sendEvent(527) - responseCode = 200
2020-05-14 14:20:17 INFO  ApacheHttpClient.sendEvent(527) - responseCode = 200
2020-05-14 14:21:17 INFO  ApacheHttpClient.sendEvent(527) - responseCode = 200
2020-05-14 14:22:17 INFO  ApacheHttpClient.sendEvent(527) - responseCode = 200
2020-05-14 14:23:17 INFO  ApacheHttpClient.sendEvent(527) - responseCode = 200
2020-05-14 14:24:17 INFO  ApacheHttpClient.sendEvent(527) - responseCode = 200
2020-05-14 14:25:17 INFO  ApacheHttpClient.sendEvent(527) - responseCode = 200
2020-05-14 14:26:17 INFO  ApacheHttpClient.sendEvent(527) - responseCode = 200
2020-05-14 14:27:17 INFO  ApacheHttpClient.sendEvent(527) - responseCode = 200
2020-05-14 14:28:17 INFO  ApacheHttpClient.sendEvent(527) - responseCode = 200
2020-05-14 14:29:17 INFO  ApacheHttpClient.sendEvent(527) - responseCode = 200
2020-05-14 14:30:17 INFO  ApacheHttpClient.sendEvent(527) - responseCode = 200
2020-05-14 14:31:17 INFO  ApacheHttpClient.sendEvent(527) - responseCode = 200
2020-05-14 14:32:17 INFO  ApacheHttpClient.sendEvent(527) - responseCode = 200
2020-05-14 14:33:06 INFO  PluginTasksProjectComponent.projectClosing(188) - ---------- Project closed ----------

2020-05-14 14:33:06 INFO  ApacheHttpClient.getTask(480) - responseCode = 200
2020-05-14 14:33:10 INFO  PluginTasksProjectComponent.projectClosing(188) - ---------- Project closed ----------

2020-05-14 14:33:10 INFO  ApacheHttpClient.getTask(480) - responseCode = 200
2020-05-15 09:08:31 INFO  PluginTasksProjectComponent.projectOpened(77) - ---------- Project opened ----------
2020-05-15 09:08:31 INFO  PluginTasksProjectComponent.projectOpened(78) - ---------- Version 3.38 ----------

2020-05-15 09:08:31 INFO  PluginTasksProjectComponent.setAutoscrolls(366) - Autoscrolls successfully set
2020-05-15 09:08:33 INFO  ApacheHttpClient.isSessionAppropriateWithSecretKey(594) - Waiting for server response.
2020-05-15 09:08:33 INFO  ApacheHttpClient.refreshUserInfo(302) - responseCode = 200
2020-05-15 09:08:33 INFO  ApacheHttpClient.refreshUserInfo(308) - User information received.
2020-05-15 09:08:33 INFO  ApacheHttpClient.startGA(35) - GAService started.
2020-05-15 09:08:33 INFO  AbstractRestApiClient.startService(71) - EventsService started.
2020-05-15 09:08:48 INFO  PluginTasksProjectComponent.projectClosing(188) - ---------- Project closed ----------

2020-05-15 09:08:48 INFO  ApacheHttpClient.getTask(480) - responseCode = 200
2020-05-15 09:08:56 INFO  ApacheHttpClient.getWebResourceAsStream(494) - responseCode = 200
2020-05-15 09:08:56 INFO  ApacheHttpClient.getFilteredTasks(333) - responseCode = 200
2020-05-15 09:09:04 INFO  ApacheHttpClient.getTaskTemplateInfo(350) - responseCode = 200
2020-05-15 09:09:06 INFO  ApacheHttpClient.getWebResourceAsStream(494) - responseCode = 200
2020-05-15 09:09:33 INFO  ApacheHttpClient.sendEvent(527) - responseCode = 200
2020-05-15 09:10:33 INFO  ApacheHttpClient.sendEvent(527) - responseCode = 200
2020-05-15 09:11:33 INFO  ApacheHttpClient.sendEvent(527) - responseCode = 200
2020-05-15 09:12:33 INFO  ApacheHttpClient.sendEvent(527) - responseCode = 200
2020-05-15 09:13:33 INFO  ApacheHttpClient.sendEvent(527) - responseCode = 200
2020-05-15 09:14:33 INFO  ApacheHttpClient.sendEvent(527) - responseCode = 200
2020-05-15 09:15:33 INFO  ApacheHttpClient.sendEvent(527) - responseCode = 200
2020-05-15 09:16:20 INFO  ApacheHttpClient.getWebResourceAsStream(494) - responseCode = 200
2020-05-15 09:16:20 INFO  ApacheHttpClient.getWebResourceAsStream(494) - responseCode = 200
2020-05-15 09:16:20 INFO  ApacheHttpClient.getTask(480) - responseCode = 200
2020-05-15 09:16:21 INFO  ApacheHttpClient.completed(28) - responseCode = 200
2020-05-15 09:16:21 INFO  ApacheHttpClient.getTask(480) - responseCode = 200
2020-05-15 09:16:33 INFO  ApacheHttpClient.sendEvent(527) - responseCode = 200
2020-05-15 09:17:14 INFO  PluginTasksProjectComponent.projectClosing(188) - ---------- Project closed ----------

2020-05-15 09:17:14 INFO  ApacheHttpClient.getTask(480) - responseCode = 200
2020-05-15 09:17:19 INFO  PluginTasksProjectComponent.projectOpened(77) - ---------- Project opened ----------
2020-05-15 09:17:19 INFO  PluginTasksProjectComponent.projectOpened(78) - ---------- Version 3.38 ----------

2020-05-15 09:17:19 INFO  ApacheHttpClient.createAsyncHttpClient(143) - 1 proxies selected. Type: DIRECT
2020-05-15 09:17:19 INFO  ApacheHttpClient.<init>(94) - ApacheHttpClient was successfully instantiated.
2020-05-15 09:17:20 INFO  ApacheHttpClient.testConnection(202) - responseCode = 200
2020-05-15 09:17:20 INFO  ApacheHttpClient.testConnection(217) - result = true
2020-05-15 09:17:20 INFO  ApacheHttpClient.isSessionAppropriateWithSecretKey(594) - Waiting for server response.
2020-05-15 09:17:20 INFO  ApacheHttpClient.refreshUserInfo(302) - responseCode = 200
2020-05-15 09:17:20 INFO  ApacheHttpClient.refreshUserInfo(308) - User information received.
2020-05-15 09:17:21 INFO  ApacheHttpClient.startGA(35) - GAService started.
2020-05-15 09:17:21 INFO  AbstractRestApiClient.startService(71) - EventsService started.
2020-05-15 09:17:23 INFO  ApacheHttpClient.getWebResourceAsStream(494) - responseCode = 200
2020-05-15 09:17:32 INFO  ApacheHttpClient.getWebResourceAsStream(494) - responseCode = 200
2020-05-15 09:17:32 INFO  ApacheHttpClient.getFilteredTasks(333) - responseCode = 200
2020-05-15 09:17:49 INFO  ApacheHttpClient.getWebResourceAsStream(494) - responseCode = 200
2020-05-15 09:17:50 INFO  ApacheHttpClient.getFilteredTasks(333) - responseCode = 200
2020-05-15 09:17:55 INFO  ApacheHttpClient.getTaskTemplateInfo(350) - responseCode = 200
2020-05-15 09:17:55 INFO  ApacheHttpClient.getWebResourceAsStream(494) - responseCode = 200
2020-05-15 09:18:21 INFO  ApacheHttpClient.sendEvent(527) - responseCode = 200
2020-05-15 09:19:21 INFO  ApacheHttpClient.sendEvent(527) - responseCode = 200
2020-05-15 09:20:21 INFO  ApacheHttpClient.sendEvent(527) - responseCode = 200
2020-05-15 09:21:21 INFO  ApacheHttpClient.sendEvent(527) - responseCode = 200
2020-05-15 09:22:21 INFO  ApacheHttpClient.sendEvent(527) - responseCode = 200
2020-05-15 09:23:21 INFO  ApacheHttpClient.sendEvent(527) - responseCode = 200
2020-05-15 09:24:21 INFO  ApacheHttpClient.sendEvent(527) - responseCode = 200
2020-05-15 09:25:21 INFO  ApacheHttpClient.sendEvent(527) - responseCode = 200
2020-05-15 09:26:21 INFO  ApacheHttpClient.sendEvent(527) - responseCode = 200
2020-05-15 09:27:21 INFO  ApacheHttpClient.sendEvent(527) - responseCode = 200
2020-05-15 09:28:21 INFO  ApacheHttpClient.sendEvent(527) - responseCode = 200
2020-05-15 09:29:21 INFO  ApacheHttpClient.sendEvent(527) - responseCode = 200
2020-05-15 09:30:21 INFO  ApacheHttpClient.sendEvent(527) - responseCode = 200
2020-05-15 09:31:21 INFO  ApacheHttpClient.sendEvent(527) - responseCode = 200
2020-05-15 09:32:21 INFO  ApacheHttpClient.sendEvent(527) - responseCode = 200
2020-05-15 09:32:26 INFO  ApacheHttpClient.getWebResourceAsStream(494) - responseCode = 200
2020-05-15 09:32:26 INFO  ApacheHttpClient.getWebResourceAsStream(494) - responseCode = 200
2020-05-15 09:32:26 INFO  ApacheHttpClient.getTask(480) - responseCode = 200
2020-05-15 09:32:27 INFO  ApacheHttpClient.completed(28) - responseCode = 200
2020-05-15 09:32:27 INFO  ApacheHttpClient.getTask(480) - responseCode = 200
2020-05-15 09:32:34 INFO  ApacheHttpClient.getWebResourceAsStream(494) - responseCode = 200
2020-05-15 09:32:34 INFO  ApacheHttpClient.getFilteredTasks(333) - responseCode = 200
2020-05-15 09:32:38 INFO  ApacheHttpClient.getTaskTemplateInfo(350) - responseCode = 200
2020-05-15 09:32:39 INFO  ApacheHttpClient.getWebResourceAsStream(494) - responseCode = 200
2020-05-15 09:33:21 INFO  ApacheHttpClient.sendEvent(527) - responseCode = 200
2020-05-15 09:34:21 INFO  ApacheHttpClient.sendEvent(527) - responseCode = 200
2020-05-15 09:35:17 INFO  ApacheHttpClient.getWebResourceAsStream(494) - responseCode = 200
2020-05-15 09:35:17 INFO  ApacheHttpClient.getWebResourceAsStream(494) - responseCode = 200
2020-05-15 09:35:18 INFO  ApacheHttpClient.getTask(480) - responseCode = 200
2020-05-15 09:35:18 INFO  ApacheHttpClient.completed(28) - responseCode = 200
2020-05-15 09:35:21 INFO  ApacheHttpClient.sendEvent(527) - responseCode = 200
2020-05-15 09:36:21 INFO  ApacheHttpClient.sendEvent(527) - responseCode = 200
2020-05-15 09:37:21 INFO  ApacheHttpClient.sendEvent(527) - responseCode = 200
2020-05-15 09:37:58 INFO  ApacheHttpClient.getWebResourceAsStream(494) - responseCode = 200
2020-05-15 09:37:58 INFO  ApacheHttpClient.getWebResourceAsStream(494) - responseCode = 200
2020-05-15 09:37:58 INFO  ApacheHttpClient.getTask(480) - responseCode = 200
2020-05-15 09:37:59 INFO  ApacheHttpClient.completed(28) - responseCode = 200
2020-05-15 09:38:19 INFO  ApacheHttpClient.getWebResourceAsStream(494) - responseCode = 200
2020-05-15 09:38:19 INFO  ApacheHttpClient.getWebResourceAsStream(494) - responseCode = 200
2020-05-15 09:38:19 INFO  ApacheHttpClient.getTask(480) - responseCode = 200
2020-05-15 09:38:19 INFO  ApacheHttpClient.completed(28) - responseCode = 200
2020-05-15 09:38:19 INFO  ApacheHttpClient.getTask(480) - responseCode = 200
2020-05-15 09:38:21 INFO  ApacheHttpClient.sendEvent(527) - responseCode = 200
2020-05-15 09:38:24 INFO  ApacheHttpClient.getWebResourceAsStream(494) - responseCode = 200
2020-05-15 09:38:24 INFO  ApacheHttpClient.getFilteredTasks(333) - responseCode = 200
2020-05-15 09:38:29 INFO  ApacheHttpClient.getTaskTemplateInfo(350) - responseCode = 200
2020-05-15 09:38:30 INFO  ApacheHttpClient.getWebResourceAsStream(494) - responseCode = 200
2020-05-15 09:39:21 INFO  ApacheHttpClient.sendEvent(527) - responseCode = 200
2020-05-15 09:40:21 INFO  ApacheHttpClient.sendEvent(527) - responseCode = 200
2020-05-15 09:41:21 INFO  ApacheHttpClient.sendEvent(527) - responseCode = 200
2020-05-15 09:42:21 INFO  ApacheHttpClient.sendEvent(527) - responseCode = 200
2020-05-15 09:42:57 INFO  ApacheHttpClient.getWebResourceAsStream(494) - responseCode = 200
2020-05-15 09:43:21 INFO  ApacheHttpClient.sendEvent(527) - responseCode = 200
2020-05-15 09:43:33 INFO  ApacheHttpClient.getWebResourceAsStream(494) - responseCode = 200
2020-05-15 09:43:33 INFO  ApacheHttpClient.getWebResourceAsStream(494) - responseCode = 200
2020-05-15 09:43:33 INFO  ApacheHttpClient.getTask(480) - responseCode = 200
2020-05-15 09:43:34 INFO  ApacheHttpClient.completed(28) - responseCode = 200
2020-05-15 09:44:21 INFO  ApacheHttpClient.sendEvent(527) - responseCode = 200
2020-05-15 09:45:21 INFO  ApacheHttpClient.sendEvent(527) - responseCode = 200
2020-05-15 09:45:41 INFO  ApacheHttpClient.getWebResourceAsStream(494) - responseCode = 200
2020-05-15 09:45:41 INFO  ApacheHttpClient.getWebResourceAsStream(494) - responseCode = 200
2020-05-15 09:45:42 INFO  ApacheHttpClient.getTask(480) - responseCode = 200
2020-05-15 09:45:42 INFO  ApacheHttpClient.completed(28) - responseCode = 200
2020-05-15 09:45:58 INFO  ApacheHttpClient.getWebResourceAsStream(494) - responseCode = 200
2020-05-15 09:45:58 INFO  ApacheHttpClient.getWebResourceAsStream(494) - responseCode = 200
2020-05-15 09:45:58 INFO  ApacheHttpClient.getTask(480) - responseCode = 200
2020-05-15 09:46:00 INFO  ApacheHttpClient.completed(28) - responseCode = 200
2020-05-15 09:46:21 INFO  ApacheHttpClient.sendEvent(527) - responseCode = 200
2020-05-15 09:47:06 INFO  ApacheHttpClient.getWebResourceAsStream(494) - responseCode = 200
2020-05-15 09:47:07 INFO  ApacheHttpClient.getWebResourceAsStream(494) - responseCode = 200
2020-05-15 09:47:07 INFO  ApacheHttpClient.getTask(480) - responseCode = 200
2020-05-15 09:47:07 INFO  ApacheHttpClient.completed(28) - responseCode = 200
2020-05-15 09:47:07 INFO  ApacheHttpClient.getTask(480) - responseCode = 200
2020-05-15 09:47:15 INFO  ApacheHttpClient.getWebResourceAsStream(494) - responseCode = 200
2020-05-15 09:47:15 INFO  ApacheHttpClient.getFilteredTasks(333) - responseCode = 200
